<?xml version="1.0" encoding="UTF-8"?>
<Site BuildName="(empty)"
	BuildStamp="20250722-0323-Experimental"
	Name="laptop"
	Generator="ctest-3.22.1"
	CompilerName="/usr/bin/g++"
	CompilerVersion="11.4.0"
	OSName="Linux"
	Hostname="laptop"
	OSRelease="6.8.0-64-generic"
	OSVersion="#67~22.04.1-Ubuntu SMP PREEMPT_DYNAMIC Tue Jun 24 15:19:46 UTC 2"
	OSPlatform="x86_64"
	Is64Bits="1"
	VendorString="AuthenticAMD"
	VendorID="Advanced Micro Devices"
	FamilyID="25"
	ModelID="80"
	ProcessorCacheSize="512"
	NumberOfLogicalCPU="12"
	NumberOfPhysicalCPU="6"
	TotalVirtualMemory="2047"
	TotalPhysicalMemory="15387"
	LogicalProcessorsPerPhysical="2"
	ProcessorClockFrequency="3967.47"
	>
	<Testing>
		<StartDateTime>Jul 22 12:23 JST</StartDateTime>
		<StartTestTime>1753154639</StartTestTime>
		<TestList/>
		<EndDateTime>Jul 22 12:23 JST</EndDateTime>
		<EndTestTime>1753154639</EndTestTime>
		<ElapsedMinutes>0</ElapsedMinutes>
	</Testing>
</Site>
